<?xml version="1.0" encoding="UTF-8"?>
<testsuite name="org.hyperskill.stopwatch.NotificationUnitTest" tests="1" skipped="0" failures="0" errors="0" timestamp="2022-07-25T11:30:34" hostname="ax-lap" time="4.508">
  <properties/>
  <testcase name="testShouldCheckNotificationVisibilityOnTimeExceed" classname="org.hyperskill.stopwatch.NotificationUnitTest" time="4.508"/>
  <system-out><![CDATA[]]></system-out>
  <system-err><![CDATA[]]></system-err>
</testsuite>
