<?xml version="1.0" encoding="UTF-8"?>
<testsuite name="org.hyperskill.stopwatch.ProgressBarUnitTests" tests="6" skipped="0" failures="0" errors="0" timestamp="2022-07-25T11:30:39" hostname="ax-lap" time="8.718">
  <properties/>
  <testcase name="testShouldCheckProgressBarColorEachSecond" classname="org.hyperskill.stopwatch.ProgressBarUnitTests" time="6.03"/>
  <testcase name="testShouldCheckProgressBarInvisibilityOnInit" classname="org.hyperskill.stopwatch.ProgressBarUnitTests" time="0.261"/>
  <testcase name="testShouldCheckProgressBarVisibilityOnStart" classname="org.hyperskill.stopwatch.ProgressBarUnitTests" time="0.276"/>
  <testcase name="testShouldCheckMultipleClicks" classname="org.hyperskill.stopwatch.ProgressBarUnitTests" time="1.679"/>
  <testcase name="testShouldCheckProgressBarExists" classname="org.hyperskill.stopwatch.ProgressBarUnitTests" time="0.223"/>
  <testcase name="testShouldCheckProgressBarInvisibilityOnReset" classname="org.hyperskill.stopwatch.ProgressBarUnitTests" time="0.246"/>
  <system-out><![CDATA[]]></system-out>
  <system-err><![CDATA[]]></system-err>
</testsuite>
