<?xml version="1.0" encoding="UTF-8"?>
<testsuite name="org.hyperskill.stopwatch.TimerStateUnitTest" tests="6" skipped="0" failures="0" errors="0" timestamp="2022-07-25T11:31:01" hostname="ax-lap" time="7.497">
  <properties/>
  <testcase name="testShouldStopTimerAndResetCountOnResetButtonClick" classname="org.hyperskill.stopwatch.TimerStateUnitTest" time="1.511"/>
  <testcase name="testShouldCheckTimerInitialValue" classname="org.hyperskill.stopwatch.TimerStateUnitTest" time="0.178"/>
  <testcase name="testShouldCountOneSecondAfterOneSecondOnStartButtonClick" classname="org.hyperskill.stopwatch.TimerStateUnitTest" time="1.283"/>
  <testcase name="testShouldContinueCountOnPressingStartButtonAgain" classname="org.hyperskill.stopwatch.TimerStateUnitTest" time="2.351"/>
  <testcase name="testShouldTakeOneSecondToCountOneSecondOnStartButtonClick" classname="org.hyperskill.stopwatch.TimerStateUnitTest" time="0.477"/>
  <testcase name="testShouldIgnorePressingResetButtonAgain" classname="org.hyperskill.stopwatch.TimerStateUnitTest" time="1.694"/>
  <system-out><![CDATA[]]></system-out>
  <system-err><![CDATA[]]></system-err>
</testsuite>
