<?xml version="1.0" encoding="UTF-8"?>
<testsuite name="org.hyperskill.stopwatch.ExampleUnitTest" tests="5" skipped="0" failures="0" errors="0" timestamp="2022-07-25T11:30:11" hostname="ax-lap" time="23.176">
  <properties/>
  <testcase name="testShouldCheckTextViewExist" classname="org.hyperskill.stopwatch.ExampleUnitTest" time="21.565"/>
  <testcase name="testShouldCheckResetButtonExist" classname="org.hyperskill.stopwatch.ExampleUnitTest" time="0.487"/>
  <testcase name="testShouldCheckResetButtonText" classname="org.hyperskill.stopwatch.ExampleUnitTest" time="0.414"/>
  <testcase name="testShouldCheckStartButtonText" classname="org.hyperskill.stopwatch.ExampleUnitTest" time="0.382"/>
  <testcase name="testShouldCheckStartButtonExist" classname="org.hyperskill.stopwatch.ExampleUnitTest" time="0.328"/>
  <system-out><![CDATA[Called loadFromPath(/system/framework/framework-res.apk, true); mode=binary sdk=29
resources.arsc in APK '/home/ax/.m2/repository/org/robolectric/android-all-instrumented/10-robolectric-5803371-i3/android-all-instrumented-10-robolectric-5803371-i3.jar' is compressed.
]]></system-out>
  <system-err><![CDATA[]]></system-err>
</testsuite>
